This is pdfTeX, Version 3.1415926-2.3-1.40.12 (MiKTeX 2.9) (preloaded format=pdflatex 2012.5.7)  25 MAR 2015 17:01
entering extended mode
**fin.tex
("D:\Users\Paul\Documents\GitHub\TrafficSim-framework\doc\final report\fin.tex"
LaTeX2e <2009/09/24>
Babel <v3.8l> and hyphenation patterns for english, afrikaans, ancientgreek, ar
abic, armenian, assamese, basque, bengali, bokmal, bulgarian, catalan, coptic, 
croatian, czech, danish, dutch, esperanto, estonian, farsi, finnish, french, ga
lician, german, german-x-2009-06-19, greek, gujarati, hindi, hungarian, iceland
ic, indonesian, interlingua, irish, italian, kannada, kurmanji, lao, latin, lat
vian, lithuanian, malayalam, marathi, mongolian, mongolianlmc, monogreek, ngerm
an, ngerman-x-2009-06-19, nynorsk, oriya, panjabi, pinyin, polish, portuguese, 
romanian, russian, sanskrit, serbian, slovak, slovenian, spanish, swedish, swis
sgerman, tamil, telugu, turkish, turkmen, ukenglish, ukrainian, uppersorbian, u
senglishmax, welsh, loaded.
("C:\Program Files (x86)\Tex\MiKTeX\tex\latex\base\article.cls"
Document Class: article 2007/10/19 v1.4h Standard LaTeX document class
("C:\Program Files (x86)\Tex\MiKTeX\tex\latex\base\size10.clo"
File: size10.clo 2007/10/19 v1.4h Standard LaTeX file (size option)
)
\c@part=\count79
\c@section=\count80
\c@subsection=\count81
\c@subsubsection=\count82
\c@paragraph=\count83
\c@subparagraph=\count84
\c@figure=\count85
\c@table=\count86
\abovecaptionskip=\skip41
\belowcaptionskip=\skip42
\bibindent=\dimen102
)
("C:\Program Files (x86)\Tex\MiKTeX\tex\latex\graphics\graphicx.sty"
Package: graphicx 1999/02/16 v1.0f Enhanced LaTeX Graphics (DPC,SPQR)

("C:\Program Files (x86)\Tex\MiKTeX\tex\latex\graphics\keyval.sty"
Package: keyval 1999/03/16 v1.13 key=value parser (DPC)
\KV@toks@=\toks14
)
("C:\Program Files (x86)\Tex\MiKTeX\tex\latex\graphics\graphics.sty"
Package: graphics 2009/02/05 v1.0o Standard LaTeX Graphics (DPC,SPQR)

("C:\Program Files (x86)\Tex\MiKTeX\tex\latex\graphics\trig.sty"
Package: trig 1999/03/16 v1.09 sin cos tan (DPC)
)
("C:\Program Files (x86)\Tex\MiKTeX\tex\latex\00miktex\graphics.cfg"
File: graphics.cfg 2007/01/18 v1.5 graphics configuration of teTeX/TeXLive
)
Package graphics Info: Driver file: pdftex.def on input line 91.

("C:\Program Files (x86)\Tex\MiKTeX\tex\latex\pdftex-def\pdftex.def"
File: pdftex.def 2011/05/27 v0.06d Graphics/color for pdfTeX

("C:\Program Files (x86)\Tex\MiKTeX\tex\generic\oberdiek\infwarerr.sty"
Package: infwarerr 2010/04/08 v1.3 Providing info/warning/message (HO)
)
("C:\Program Files (x86)\Tex\MiKTeX\tex\generic\oberdiek\ltxcmds.sty"
Package: ltxcmds 2011/04/18 v1.20 LaTeX kernel commands for general use (HO)
)
\Gread@gobject=\count87
))
\Gin@req@height=\dimen103
\Gin@req@width=\dimen104
)
("D:\Users\Paul\Documents\GitHub\TrafficSim-framework\doc\final report\fin.aux"
)
LaTeX Font Info:    Checking defaults for OML/cmm/m/it on input line 8.
LaTeX Font Info:    ... okay on input line 8.
LaTeX Font Info:    Checking defaults for T1/cmr/m/n on input line 8.
LaTeX Font Info:    ... okay on input line 8.
LaTeX Font Info:    Checking defaults for OT1/cmr/m/n on input line 8.
LaTeX Font Info:    ... okay on input line 8.
LaTeX Font Info:    Checking defaults for OMS/cmsy/m/n on input line 8.
LaTeX Font Info:    ... okay on input line 8.
LaTeX Font Info:    Checking defaults for OMX/cmex/m/n on input line 8.
LaTeX Font Info:    ... okay on input line 8.
LaTeX Font Info:    Checking defaults for U/cmr/m/n on input line 8.
LaTeX Font Info:    ... okay on input line 8.
 ("C:\Program Files (x86)\Tex\MiKTeX\tex\context\base\supp-pdf.mkii"
[Loading MPS to PDF converter (version 2006.09.02).]
\scratchcounter=\count88
\scratchdimen=\dimen105
\scratchbox=\box26
\nofMPsegments=\count89
\nofMParguments=\count90
\everyMPshowfont=\toks15
\MPscratchCnt=\count91
\MPscratchDim=\dimen106
\MPnumerator=\count92
\everyMPtoPDFconversion=\toks16
)
LaTeX Font Info:    External font `cmex10' loaded for size
(Font)              <12> on input line 9.
LaTeX Font Info:    External font `cmex10' loaded for size
(Font)              <8> on input line 9.
LaTeX Font Info:    External font `cmex10' loaded for size
(Font)              <6> on input line 9.
 [1

{D:/Users/Paul/AppData/Local/MiKTeX/2.9/pdftex/config/pdftex.map}] [1]
("D:\Users\Paul\Documents\GitHub\TrafficSim-framework\doc\final report\fin.toc"
LaTeX Font Info:    External font `cmex10' loaded for size
(Font)              <7> on input line 3.
LaTeX Font Info:    External font `cmex10' loaded for size
(Font)              <5> on input line 3.
)
\tf@toc=\write3
 [1]
("D:\Users\Paul\Documents\GitHub\TrafficSim-framework\doc\final report\files\In
troduction.tex")
("D:\Users\Paul\Documents\GitHub\TrafficSim-framework\doc\final report\files\Re
view.tex" [2]
LaTeX Font Info:    Try loading font information for OMS+cmr on input line 18.
 ("C:\Program Files (x86)\Tex\MiKTeX\tex\latex\base\omscmr.fd"
File: omscmr.fd 1999/05/25 v2.5h Standard LaTeX font definitions
)
LaTeX Font Info:    Font shape `OMS/cmr/m/n' in size <10> not available
(Font)              Font shape `OMS/cmsy/m/n' tried instead on input line 18.

[3] <./images/SUMO.png, id=25, 521.95pt x 360.34625pt>
File: ./images/SUMO.png Graphic file (type png)
 <use ./images/SUMO.png>
Package pdftex.def Info: ./images/SUMO.png used on input line 26.
(pdftex.def)             Requested size: 156.5862pt x 108.1047pt.
Missing character: There is no ‚ in font cmr10!
Missing character: There is no Ä in font cmr10!
Missing character: There is no ì in font cmr10!

Overfull \hbox (2.25061pt too wide) in paragraph at lines 33--34
[]\OT1/cmr/m/n/10 No ar-ti-fi-cial lim-i-ta-tions in net-work size and num-ber 
of sim-u-lated vehicles[[]]. 
 []

<./images/QPM.png, id=27, 804.00375pt x 495.8525pt>
File: ./images/QPM.png Graphic file (type png)
 <use ./images/QPM.png>
Package pdftex.def Info: ./images/QPM.png used on input line 51.
(pdftex.def)             Requested size: 241.20299pt x 148.7569pt.

[4 <D:/Users/Paul/Documents/GitHub/TrafficSim-framework/doc/final report/images
/SUMO.png>] [5 <D:/Users/Paul/Documents/GitHub/TrafficSim-framework/doc/final r
eport/images/QPM.png>] <./images/Aimsun.png, id=38, 903.375pt x 702.625pt>
File: ./images/Aimsun.png Graphic file (type png)

<use ./images/Aimsun.png>
Package pdftex.def Info: ./images/Aimsun.png used on input line 75.
(pdftex.def)             Requested size: 271.01459pt x 210.78912pt.
)
Runaway argument?
{CPU and Memory performance) \par \begin {center} \begin {tabular}{| \ETC.
! File ended while scanning use of \@xdblarg.
<inserted text> 
                \par 
l.26 	\input{./files/Review.tex}
                                
I suspect you have forgotten a `}', causing me
to read past where you wanted me to stop.
I'll try to recover; but if the error is serious,
you'd better type `E' or `X' now and fix your file.


("D:\Users\Paul\Documents\GitHub\TrafficSim-framework\doc\final report\files\re
qdes.tex")
("D:\Users\Paul\Documents\GitHub\TrafficSim-framework\doc\final report\files\Im
plementation.tex" [6 <D:/Users/Paul/Documents/GitHub/TrafficSim-framework/doc/f
inal report/images/Aimsun.png>]
<./images/network.png, id=43, 280.79906pt x 277.035pt>
File: ./images/network.png Graphic file (type png)

<use ./images/network.png>
Package pdftex.def Info: ./images/network.png used on input line 8.
(pdftex.def)             Requested size: 140.39919pt x 138.51715pt.

<./images/scenario1.png, id=44, 289.08pt x 376.40625pt>
File: ./images/scenario1.png Graphic file (type png)

<use ./images/scenario1.png>
Package pdftex.def Info: ./images/scenario1.png used on input line 37.
(pdftex.def)             Requested size: 289.07928pt x 376.40532pt.

<./images/scenario2.png, id=45, 289.08pt x 376.40625pt>
File: ./images/scenario2.png Graphic file (type png)

<use ./images/scenario2.png>
Package pdftex.def Info: ./images/scenario2.png used on input line 38.
(pdftex.def)             Requested size: 289.07928pt x 376.40532pt.
 [7 <D:/Users/Paul/Documents/GitHub/TrafficSim-framework/doc/final report/image
s/network.png>] [8 <D:/Users/Paul/Documents/GitHub/TrafficSim-framework/doc/fin
al report/images/scenario1.png>]
<./images/scenario3.png, id=54, 261.22594pt x 366.61969pt>
File: ./images/scenario3.png Graphic file (type png)

<use ./images/scenario3.png>
Package pdftex.def Info: ./images/scenario3.png used on input line 60.
(pdftex.def)             Requested size: 261.22528pt x 366.61879pt.
) [9 <D:/Users/Paul/Documents/GitHub/TrafficSim-framework/doc/final report/imag
es/scenario2.png>]
("D:\Users\Paul\Documents\GitHub\TrafficSim-framework\doc\final report\files\Te
amwork.tex"
Missing character: There is no ‚ in font cmr10!
Missing character: There is no Ä in font cmr10!
Missing character: There is no ú in font cmr10!
Missing character: There is no ‚ in font cmr10!
Missing character: There is no Ä in font cmr10!
Missing character: There is no ù in font cmr10!
Missing character: There is no ‚ in font cmr10!
Missing character: There is no Ä in font cmr10!
Missing character: There is no ú in font cmr10!
Missing character: There is no ‚ in font cmr10!
Missing character: There is no Ä in font cmr10!
Missing character: There is no ù in font cmr10!
Missing character: There is no ‚ in font cmr10!
Missing character: There is no Ä in font cmr10!
Missing character: There is no ú in font cmr10!
Missing character: There is no ‚ in font cmr10!
Missing character: There is no Ä in font cmr10!
Missing character: There is no ù in font cmr10!
 [10 <D:/Users/Paul/Documents/GitHub/TrafficSim-framework/doc/final report/imag
es/scenario3.png>]
<./images/menu.jpg, id=63, 161.10187pt x 230.36063pt>
File: ./images/menu.jpg Graphic file (type jpg)
 <use ./images/menu.jpg>
Package pdftex.def Info: ./images/menu.jpg used on input line 10.
(pdftex.def)             Requested size: 112.77052pt x 161.25133pt.

<./images/tasks.jpg, id=64, 654.19406pt x 492.33937pt>
File: ./images/tasks.jpg Graphic file (type jpg)

<use ./images/tasks.jpg>
Package pdftex.def Info: ./images/tasks.jpg used on input line 13.
(pdftex.def)             Requested size: 327.09622pt x 246.16907pt.
Missing character: There is no ‚ in font cmr10!
Missing character: There is no Ä in font cmr10!
Missing character: There is no ú in font cmr10!
Missing character: There is no ‚ in font cmr10!
Missing character: There is no Ä in font cmr10!
Missing character: There is no ù in font cmr10!

<./images/burnup_chart.png, id=65, 782.925pt x 602.25pt>
File: ./images/burnup_chart.png Graphic file (type png)

<use ./images/burnup_chart.png>
Package pdftex.def Info: ./images/burnup_chart.png used on input line 16.
(pdftex.def)             Requested size: 234.8793pt x 180.67639pt.
 [11 <D:/Users/Paul/Documents/GitHub/TrafficSim-framework/doc/final report/imag
es/menu.jpg> <D:/Users/Paul/Documents/GitHub/TrafficSim-framework/doc/final rep
ort/images/tasks.jpg>]
<./images/dependencies.png, id=70, 325.96782pt x 240.9pt>
File: ./images/dependencies.png Graphic file (type png)

<use ./images/dependencies.png>
Package pdftex.def Info: ./images/dependencies.png used on input line 19.
(pdftex.def)             Requested size: 325.96701pt x 240.8994pt.
) [12 <D:/Users/Paul/Documents/GitHub/TrafficSim-framework/doc/final report/ima
ges/burnup_chart.png> <D:/Users/Paul/Documents/GitHub/TrafficSim-framework/doc/
final report/images/dependencies.png>]
("D:\Users\Paul\Documents\GitHub\TrafficSim-framework\doc\final report\files\Ev
aluation.tex")
("D:\Users\Paul\Documents\GitHub\TrafficSim-framework\doc\final report\files\pe
erassessment.tex")
("D:\Users\Paul\Documents\GitHub\TrafficSim-framework\doc\final report\fin.bbl"
! Undefined control sequence.
l.5 \newblock \url
                  {http://www.paramicsonline.com/ }.
The control sequence at the end of the top line
of your error message was never \def'ed. If you have
misspelled it (e.g., `\hobx'), type `I' and the correct
spelling (e.g., `I\hbox'). Otherwise just continue,
and I'll forget about whatever was undefined.

[13]) [14]
("D:\Users\Paul\Documents\GitHub\TrafficSim-framework\doc\final report\fin.aux"
) ) 
Here is how much of TeX's memory you used:
 1238 strings out of 494049
 18442 string characters out of 3146069
 68764 words of memory out of 3000000
 4522 multiletter control sequences out of 15000+200000
 8241 words of font info for 29 fonts, out of 3000000 for 9000
 715 hyphenation exceptions out of 8191
 27i,8n,19p,1176b,199s stack positions out of 5000i,500n,10000p,200000b,50000s
<C:/Program Files (x86)/Tex/MiKTeX/fonts/type1/public/amsfonts/cm/cmbx10.pfb
><C:/Program Files (x86)/Tex/MiKTeX/fonts/type1/public/amsfonts/cm/cmbx12.pfb><
C:/Program Files (x86)/Tex/MiKTeX/fonts/type1/public/amsfonts/cm/cmr10.pfb><C:/
Program Files (x86)/Tex/MiKTeX/fonts/type1/public/amsfonts/cm/cmr12.pfb><C:/Pro
gram Files (x86)/Tex/MiKTeX/fonts/type1/public/amsfonts/cm/cmr17.pfb><C:/Progra
m Files (x86)/Tex/MiKTeX/fonts/type1/public/amsfonts/cm/cmr6.pfb><C:/Program Fi
les (x86)/Tex/MiKTeX/fonts/type1/public/amsfonts/cm/cmr7.pfb><C:/Program Files 
(x86)/Tex/MiKTeX/fonts/type1/public/amsfonts/cm/cmr8.pfb><C:/Program Files (x86
)/Tex/MiKTeX/fonts/type1/public/amsfonts/cm/cmsy10.pfb><C:/Program Files (x86)/
Tex/MiKTeX/fonts/type1/public/amsfonts/cm/cmti10.pfb>
Output written on fin.pdf (16 pages, 1669436 bytes).
PDF statistics:
 114 PDF objects out of 1000 (max. 8388607)
 0 named destinations out of 1000 (max. 500000)
 56 words of extra memory for PDF output out of 10000 (max. 10000000)

