This is pdfTeX, Version 3.1415926-2.3-1.40.12 (MiKTeX 2.9) (preloaded format=pdflatex 2012.5.7)  23 MAR 2015 15:28
entering extended mode
**fin.tex
("D:\Users\Paul\Desktop\GRP\final report\fin.tex"
LaTeX2e <2009/09/24>
Babel <v3.8l> and hyphenation patterns for english, afrikaans, ancientgreek, ar
abic, armenian, assamese, basque, bengali, bokmal, bulgarian, catalan, coptic, 
croatian, czech, danish, dutch, esperanto, estonian, farsi, finnish, french, ga
lician, german, german-x-2009-06-19, greek, gujarati, hindi, hungarian, iceland
ic, indonesian, interlingua, irish, italian, kannada, kurmanji, lao, latin, lat
vian, lithuanian, malayalam, marathi, mongolian, mongolianlmc, monogreek, ngerm
an, ngerman-x-2009-06-19, nynorsk, oriya, panjabi, pinyin, polish, portuguese, 
romanian, russian, sanskrit, serbian, slovak, slovenian, spanish, swedish, swis
sgerman, tamil, telugu, turkish, turkmen, ukenglish, ukrainian, uppersorbian, u
senglishmax, welsh, loaded.
("C:\Program Files (x86)\Tex\MiKTeX\tex\latex\base\article.cls"
Document Class: article 2007/10/19 v1.4h Standard LaTeX document class
("C:\Program Files (x86)\Tex\MiKTeX\tex\latex\base\size10.clo"
File: size10.clo 2007/10/19 v1.4h Standard LaTeX file (size option)
)
\c@part=\count79
\c@section=\count80
\c@subsection=\count81
\c@subsubsection=\count82
\c@paragraph=\count83
\c@subparagraph=\count84
\c@figure=\count85
\c@table=\count86
\abovecaptionskip=\skip41
\belowcaptionskip=\skip42
\bibindent=\dimen102
)
("D:\Users\Paul\Desktop\GRP\final report\fin.aux")
LaTeX Font Info:    Checking defaults for OML/cmm/m/it on input line 6.
LaTeX Font Info:    ... okay on input line 6.
LaTeX Font Info:    Checking defaults for T1/cmr/m/n on input line 6.
LaTeX Font Info:    ... okay on input line 6.
LaTeX Font Info:    Checking defaults for OT1/cmr/m/n on input line 6.
LaTeX Font Info:    ... okay on input line 6.
LaTeX Font Info:    Checking defaults for OMS/cmsy/m/n on input line 6.
LaTeX Font Info:    ... okay on input line 6.
LaTeX Font Info:    Checking defaults for OMX/cmex/m/n on input line 6.
LaTeX Font Info:    ... okay on input line 6.
LaTeX Font Info:    Checking defaults for U/cmr/m/n on input line 6.
LaTeX Font Info:    ... okay on input line 6.
LaTeX Font Info:    External font `cmex10' loaded for size
(Font)              <12> on input line 7.
LaTeX Font Info:    External font `cmex10' loaded for size
(Font)              <8> on input line 7.
LaTeX Font Info:    External font `cmex10' loaded for size
(Font)              <6> on input line 7.
 [1

{D:/Users/Paul/AppData/Local/MiKTeX/2.9/pdftex/config/pdftex.map}] [1]
("D:\Users\Paul\Desktop\GRP\final report\fin.toc")
\tf@toc=\write3
 [1]
LaTeX Font Info:    External font `cmex10' loaded for size
(Font)              <7> on input line 23.
LaTeX Font Info:    External font `cmex10' loaded for size
(Font)              <5> on input line 23.
 [2]
("D:\Users\Paul\Desktop\GRP\final report\fin.bbl") [3]
("D:\Users\Paul\Desktop\GRP\final report\fin.aux") ) 
Here is how much of TeX's memory you used:
 245 strings out of 494049
 2965 string characters out of 3146069
 53862 words of memory out of 3000000
 3601 multiletter control sequences out of 15000+200000
 7934 words of font info for 28 fonts, out of 3000000 for 9000
 715 hyphenation exceptions out of 8191
 24i,8n,19p,637b,191s stack positions out of 5000i,500n,10000p,200000b,50000s
<C:/Program Files (x86)/Tex
/MiKTeX/fonts/type1/public/amsfonts/cm/cmbx10.pfb><C:/Program Files (x86)/Tex/M
iKTeX/fonts/type1/public/amsfonts/cm/cmbx12.pfb><C:/Program Files (x86)/Tex/MiK
TeX/fonts/type1/public/amsfonts/cm/cmr10.pfb><C:/Program Files (x86)/Tex/MiKTeX
/fonts/type1/public/amsfonts/cm/cmr12.pfb><C:/Program Files (x86)/Tex/MiKTeX/fo
nts/type1/public/amsfonts/cm/cmr17.pfb><C:/Program Files (x86)/Tex/MiKTeX/fonts
/type1/public/amsfonts/cm/cmr6.pfb><C:/Program Files (x86)/Tex/MiKTeX/fonts/typ
e1/public/amsfonts/cm/cmr7.pfb><C:/Program Files (x86)/Tex/MiKTeX/fonts/type1/p
ublic/amsfonts/cm/cmr8.pfb><C:/Program Files (x86)/Tex/MiKTeX/fonts/type1/publi
c/amsfonts/cm/cmti10.pfb>
Output written on fin.pdf (5 pages, 131447 bytes).
PDF statistics:
 54 PDF objects out of 1000 (max. 8388607)
 0 named destinations out of 1000 (max. 500000)
 1 words of extra memory for PDF output out of 10000 (max. 10000000)

